<?xml version="1.0" encoding="UTF-8"?>
<testsuite xmlns:xsi="http://www.w3.org/2001/XMLSchema-instance" xsi:noNamespaceSchemaLocation="https://maven.apache.org/surefire/maven-surefire-plugin/xsd/surefire-test-report.xsd" name="TestSuite" time="20.856" tests="23" errors="0" skipped="0" failures="0">
  <properties>
[...]
</properties>
  <testcase name="loginTest on loginTest(com.cts.controller.AuthControllerTest)" classname="com.cts.controller.AuthControllerTest" time="0.594"/>
  <testcase name="createUserTest on createUserTest(com.cts.controller.AuthControllerTest)" classname="com.cts.controller.AuthControllerTest" time="0.012"/>
  <testcase name="testCreateStudentSuccess on testCreateStudentSuccess(com.cts.controller.StudentControllerTest)" classname="com.cts.controller.StudentControllerTest" time="0.04"/>
  <testcase name="handleInternalServerExceptionTest on handleInternalServerExceptionTest(com.cts.exception.CustomExceptionHandlerTest)" classname="com.cts.exception.CustomExceptionHandlerTest" time="0.012"/>
  <testcase name="handleAllExceptionTest on handleAllExceptionTest(com.cts.exception.CustomExceptionHandlerTest)" classname="com.cts.exception.CustomExceptionHandlerTest" time="0.003"/>
  <testcase name="handleRecordNotFoundExceptionTest on handleRecordNotFoundExceptionTest(com.cts.exception.CustomExceptionHandlerTest)" classname="com.cts.exception.CustomExceptionHandlerTest" time="0.004"/>
  <testcase name="methodArgumentNotValidTest on methodArgumentNotValidTest(com.cts.exception.CustomExceptionHandlerTest)" classname="com.cts.exception.CustomExceptionHandlerTest" time="0.008"/>
  <testcase name="errorResponsetest on errorResponsetest(com.cts.exception.ErrorResponseTest)" classname="com.cts.exception.ErrorResponseTest" time="0.002"/>
  <testcase name="test on test(com.cts.exception.InternalServerErrorTest)" classname="com.cts.exception.InternalServerErrorTest" time="0.003"/>
  <testcase name="test on test(com.cts.exception.RecordNotFoundExceptionTest)" classname="com.cts.exception.RecordNotFoundExceptionTest" time="0.002"/>
  <testcase name="loginTest on loginTest(com.cts.repository.AuthRepositoryTest)" classname="com.cts.repository.AuthRepositoryTest" time="0.005"/>
  <testcase name="createUserTest on createUserTest(com.cts.repository.AuthRepositoryTest)" classname="com.cts.repository.AuthRepositoryTest" time="0.003"/>
  <testcase name="loginTestFailure on loginTestFailure(com.cts.repository.AuthRepositoryTest)" classname="com.cts.repository.AuthRepositoryTest" time="0.007"/>
  <testcase name="loginTest on loginTest(com.cts.service.AuthServiceTest)" classname="com.cts.service.AuthServiceTest" time="0.004"/>
  <testcase name="createUserTest on createUserTest(com.cts.service.AuthServiceTest)" classname="com.cts.service.AuthServiceTest" time="0.004"/>
  <testcase name="contextLoads on contextLoads(com.cts.ShoppingcartApplicationTest)" classname="com.cts.ShoppingcartApplicationTest" time="0.003"/>
  <testcase name="writeExcel on writeExcel(com.cts.util.RWExcelFileAuthTest)" classname="com.cts.util.RWExcelFileAuthTest" time="2.14"/>
  <testcase name="readExcelTest on readExcelTest(com.cts.util.RWExcelFileAuthTest)" classname="com.cts.util.RWExcelFileAuthTest" time="0.063"/>
  <testcase name="writeExcelException on writeExcelException(com.cts.util.RWExcelFileAuthTest)" classname="com.cts.util.RWExcelFileAuthTest" time="0.002"/>
  <testcase name="readExcelTestElse on readExcelTestElse(com.cts.util.RWExcelFileAuthTest)" classname="com.cts.util.RWExcelFileAuthTest" time="0.045"/>
  <testcase name="readExcelTestException on readExcelTestException(com.cts.util.RWExcelFileAuthTest)" classname="com.cts.util.RWExcelFileAuthTest" time="0"/>
  <testcase name="readExcelTest on readExcelTest(com.cts.util.RWExcelFileTest)" classname="com.cts.util.RWExcelFileTest" time="0.123"/>
  <testcase name="writeExcelTest on writeExcelTest(com.cts.util.RWExcelFileTest)" classname="com.cts.util.RWExcelFileTest" time="0.256"/>
</testsuite>