<?xml version="1.0" encoding="UTF-8"?>
<testng-results skipped="0" failed="0" ignored="0" total="1" passed="1">
  <reporter-output>
  </reporter-output>
  <suite name="Default suite" duration-ms="3239" started-at="2020-04-24T21:20:42 IST" finished-at="2020-04-24T21:20:45 IST">
    <groups>
    </groups>
    <test name="Default test" duration-ms="3239" started-at="2020-04-24T21:20:42 IST" finished-at="2020-04-24T21:20:45 IST">
      <class name="com.cts.ft.AuthFunctionalTesting">
        <test-method status="PASS" signature="testLogin()[pri:0, instance:com.cts.ft.AuthFunctionalTesting@23bb8443]" name="testLogin" duration-ms="3144" started-at="2020-04-24T21:20:42 IST" finished-at="2020-04-24T21:20:45 IST">
          <reporter-output>
          </reporter-output>
        </test-method> <!-- testLogin -->
      </class> <!-- com.cts.ft.AuthFunctionalTesting -->
    </test> <!-- Default test -->
  </suite> <!-- Default suite -->
</testng-results>
